2025-07-29 15:15:37 [ERROR]: Uncaught Exception: Cannot access 'config' before initialization
{
  service: 'smartpos-backend',
  env: 'development',
  [Symbol(level)]: 'error',
  [Symbol(splat)]: [
    ReferenceError: Cannot access 'config' before initialization
        at file:///E:/Personal/important/smartpos/backend/src/config/env.js:218:21
        at ModuleJob.run (node:internal/modules/esm/module_job:234:25)
        at async ModuleLoader.import (node:internal/modules/esm/loader:473:24)
        at async asyncRunEntryPointWithESMLoader (node:internal/modules/run_main:122:5)
  ],
  [Symbol(message)]: `{"env":"development","level":"error","message":"Uncaught Exception: Cannot access 'config' before initialization","service":"smartpos-backend","stack":"ReferenceError: Cannot access 'config' before initialization\\n    at file:///E:/Personal/important/smartpos/backend/src/config/env.js:218:21\\n    at ModuleJob.run (node:internal/modules/esm/module_job:234:25)\\n    at async ModuleLoader.import (node:internal/modules/esm/loader:473:24)\\n    at async asyncRunEntryPointWithESMLoader (node:internal/modules/run_main:122:5)","timestamp":"2025-07-29 15:15:37"}`
}
ReferenceError: Cannot access 'config' before initialization
    at file:///E:/Personal/important/smartpos/backend/src/config/env.js:218:21
    at ModuleJob.run (node:internal/modules/esm/module_job:234:25)
    at async ModuleLoader.import (node:internal/modules/esm/loader:473:24)
    at async asyncRunEntryPointWithESMLoader (node:internal/modules/run_main:122:5)
2025-07-29 15:15:47 [ERROR]: Uncaught Exception: Cannot access 'config' before initialization
{
  service: 'smartpos-backend',
  env: 'development',
  [Symbol(level)]: 'error',
  [Symbol(splat)]: [
    ReferenceError: Cannot access 'config' before initialization
        at file:///E:/Personal/important/smartpos/backend/src/config/env.js:218:21
        at ModuleJob.run (node:internal/modules/esm/module_job:234:25)
        at async ModuleLoader.import (node:internal/modules/esm/loader:473:24)
        at async asyncRunEntryPointWithESMLoader (node:internal/modules/run_main:122:5)
  ],
  [Symbol(message)]: `{"env":"development","level":"error","message":"Uncaught Exception: Cannot access 'config' before initialization","service":"smartpos-backend","stack":"ReferenceError: Cannot access 'config' before initialization\\n    at file:///E:/Personal/important/smartpos/backend/src/config/env.js:218:21\\n    at ModuleJob.run (node:internal/modules/esm/module_job:234:25)\\n    at async ModuleLoader.import (node:internal/modules/esm/loader:473:24)\\n    at async asyncRunEntryPointWithESMLoader (node:internal/modules/run_main:122:5)","timestamp":"2025-07-29 15:15:47"}`
}
ReferenceError: Cannot access 'config' before initialization
    at file:///E:/Personal/important/smartpos/backend/src/config/env.js:218:21
    at ModuleJob.run (node:internal/modules/esm/module_job:234:25)
    at async ModuleLoader.import (node:internal/modules/esm/loader:473:24)
    at async asyncRunEntryPointWithESMLoader (node:internal/modules/run_main:122:5)
2025-07-29 15:17:34 [ERROR]: Uncaught Exception: config is not defined
{
  service: 'smartpos-backend',
  env: 'development',
  [Symbol(level)]: 'error',
  [Symbol(splat)]: [
    ReferenceError: config is not defined
        at file:///E:/Personal/important/smartpos/backend/src/config/env.js:203:16
        at ModuleJob.run (node:internal/modules/esm/module_job:234:25)
        at async ModuleLoader.import (node:internal/modules/esm/loader:473:24)
        at async asyncRunEntryPointWithESMLoader (node:internal/modules/run_main:122:5)
  ],
  [Symbol(message)]: '{"env":"development","level":"error","message":"Uncaught Exception: config is not defined","service":"smartpos-backend","stack":"ReferenceError: config is not defined\\n    at file:///E:/Personal/important/smartpos/backend/src/config/env.js:203:16\\n    at ModuleJob.run (node:internal/modules/esm/module_job:234:25)\\n    at async ModuleLoader.import (node:internal/modules/esm/loader:473:24)\\n    at async asyncRunEntryPointWithESMLoader (node:internal/modules/run_main:122:5)","timestamp":"2025-07-29 15:17:34"}'
}
ReferenceError: config is not defined
    at file:///E:/Personal/important/smartpos/backend/src/config/env.js:203:16
    at ModuleJob.run (node:internal/modules/esm/module_job:234:25)
    at async ModuleLoader.import (node:internal/modules/esm/loader:473:24)
    at async asyncRunEntryPointWithESMLoader (node:internal/modules/run_main:122:5)
2025-07-29 15:17:37 [ERROR]: Uncaught Exception: module is not defined in ES module scope
This file is being treated as an ES module because it has a '.js' file extension and 'E:\Personal\important\smartpos\backend\package.json' contains "type": "module". To treat it as a CommonJS script, rename it to use the '.cjs' file extension.
{
  service: 'smartpos-backend',
  env: 'development',
  [Symbol(level)]: 'error',
  [Symbol(splat)]: [
    ReferenceError: module is not defined in ES module scope
    This file is being treated as an ES module because it has a '.js' file extension and 'E:\Personal\important\smartpos\backend\package.json' contains "type": "module". To treat it as a CommonJS script, rename it to use the '.cjs' file extension.
        at file:///E:/Personal/important/smartpos/backend/src/models/Product.js:293:1
        at ModuleJob.run (node:internal/modules/esm/module_job:234:25)
        at async ModuleLoader.import (node:internal/modules/esm/loader:473:24)
        at async asyncRunEntryPointWithESMLoader (node:internal/modules/run_main:122:5)
  ],
  [Symbol(message)]: `{"env":"development","level":"error","message":"Uncaught Exception: module is not defined in ES module scope\\nThis file is being treated as an ES module because it has a '.js' file extension and 'E:\\\\Personal\\\\important\\\\smartpos\\\\backend\\\\package.json' contains \\"type\\": \\"module\\". To treat it as a CommonJS script, rename it to use the '.cjs' file extension.","service":"smartpos-backend","stack":"ReferenceError: module is not defined in ES module scope\\nThis file is being treated as an ES module because it has a '.js' file extension and 'E:\\\\Personal\\\\important\\\\smartpos\\\\backend\\\\package.json' contains \\"type\\": \\"module\\". To treat it as a CommonJS script, rename it to use the '.cjs' file extension.\\n    at file:///E:/Personal/important/smartpos/backend/src/models/Product.js:293:1\\n    at ModuleJob.run (node:internal/modules/esm/module_job:234:25)\\n    at async ModuleLoader.import (node:internal/modules/esm/loader:473:24)\\n    at async asyncRunEntryPointWithESMLoader (node:internal/modules/run_main:122:5)","timestamp":"2025-07-29 15:17:37"}`
}
ReferenceError: module is not defined in ES module scope
This file is being treated as an ES module because it has a '.js' file extension and 'E:\Personal\important\smartpos\backend\package.json' contains "type": "module". To treat it as a CommonJS script, rename it to use the '.cjs' file extension.
    at file:///E:/Personal/important/smartpos/backend/src/models/Product.js:293:1
    at ModuleJob.run (node:internal/modules/esm/module_job:234:25)
    at async ModuleLoader.import (node:internal/modules/esm/loader:473:24)
    at async asyncRunEntryPointWithESMLoader (node:internal/modules/run_main:122:5)
2025-07-29 15:17:45 [ERROR]: Uncaught Exception: module is not defined in ES module scope
This file is being treated as an ES module because it has a '.js' file extension and 'E:\Personal\important\smartpos\backend\package.json' contains "type": "module". To treat it as a CommonJS script, rename it to use the '.cjs' file extension.
{
  service: 'smartpos-backend',
  env: 'development',
  [Symbol(level)]: 'error',
  [Symbol(splat)]: [
    ReferenceError: module is not defined in ES module scope
    This file is being treated as an ES module because it has a '.js' file extension and 'E:\Personal\important\smartpos\backend\package.json' contains "type": "module". To treat it as a CommonJS script, rename it to use the '.cjs' file extension.
        at file:///E:/Personal/important/smartpos/backend/src/models/Product.js:293:1
        at ModuleJob.run (node:internal/modules/esm/module_job:234:25)
        at async ModuleLoader.import (node:internal/modules/esm/loader:473:24)
        at async asyncRunEntryPointWithESMLoader (node:internal/modules/run_main:122:5)
  ],
  [Symbol(message)]: `{"env":"development","level":"error","message":"Uncaught Exception: module is not defined in ES module scope\\nThis file is being treated as an ES module because it has a '.js' file extension and 'E:\\\\Personal\\\\important\\\\smartpos\\\\backend\\\\package.json' contains \\"type\\": \\"module\\". To treat it as a CommonJS script, rename it to use the '.cjs' file extension.","service":"smartpos-backend","stack":"ReferenceError: module is not defined in ES module scope\\nThis file is being treated as an ES module because it has a '.js' file extension and 'E:\\\\Personal\\\\important\\\\smartpos\\\\backend\\\\package.json' contains \\"type\\": \\"module\\". To treat it as a CommonJS script, rename it to use the '.cjs' file extension.\\n    at file:///E:/Personal/important/smartpos/backend/src/models/Product.js:293:1\\n    at ModuleJob.run (node:internal/modules/esm/module_job:234:25)\\n    at async ModuleLoader.import (node:internal/modules/esm/loader:473:24)\\n    at async asyncRunEntryPointWithESMLoader (node:internal/modules/run_main:122:5)","timestamp":"2025-07-29 15:17:45"}`
}
ReferenceError: module is not defined in ES module scope
This file is being treated as an ES module because it has a '.js' file extension and 'E:\Personal\important\smartpos\backend\package.json' contains "type": "module". To treat it as a CommonJS script, rename it to use the '.cjs' file extension.
    at file:///E:/Personal/important/smartpos/backend/src/models/Product.js:293:1
    at ModuleJob.run (node:internal/modules/esm/module_job:234:25)
    at async ModuleLoader.import (node:internal/modules/esm/loader:473:24)
    at async asyncRunEntryPointWithESMLoader (node:internal/modules/run_main:122:5)
2025-07-29 15:20:46 [ERROR]: Uncaught Exception: Cannot read properties of undefined (reading 'ne')
{
  service: 'smartpos-backend',
  env: 'development',
  [Symbol(level)]: 'error',
  [Symbol(splat)]: [
    TypeError: Cannot read properties of undefined (reading 'ne')
        at file:///E:/Personal/important/smartpos/backend/src/models/Log.js:50:25
        at ModuleJob.run (node:internal/modules/esm/module_job:234:25)
        at async ModuleLoader.import (node:internal/modules/esm/loader:473:24)
        at async asyncRunEntryPointWithESMLoader (node:internal/modules/run_main:122:5)
  ],
  [Symbol(message)]: `{"env":"development","level":"error","message":"Uncaught Exception: Cannot read properties of undefined (reading 'ne')","service":"smartpos-backend","stack":"TypeError: Cannot read properties of undefined (reading 'ne')\\n    at file:///E:/Personal/important/smartpos/backend/src/models/Log.js:50:25\\n    at ModuleJob.run (node:internal/modules/esm/module_job:234:25)\\n    at async ModuleLoader.import (node:internal/modules/esm/loader:473:24)\\n    at async asyncRunEntryPointWithESMLoader (node:internal/modules/run_main:122:5)","timestamp":"2025-07-29 15:20:46"}`
}
TypeError: Cannot read properties of undefined (reading 'ne')
    at file:///E:/Personal/important/smartpos/backend/src/models/Log.js:50:25
    at ModuleJob.run (node:internal/modules/esm/module_job:234:25)
    at async ModuleLoader.import (node:internal/modules/esm/loader:473:24)
    at async asyncRunEntryPointWithESMLoader (node:internal/modules/run_main:122:5)
2025-07-29 15:21:19 [ERROR]: Uncaught Exception: Cannot read properties of undefined (reading 'ne')
{
  service: 'smartpos-backend',
  env: 'development',
  [Symbol(level)]: 'error',
  [Symbol(splat)]: [
    TypeError: Cannot read properties of undefined (reading 'ne')
        at file:///E:/Personal/important/smartpos/backend/src/models/Log.js:50:25
        at ModuleJob.run (node:internal/modules/esm/module_job:234:25)
        at async ModuleLoader.import (node:internal/modules/esm/loader:473:24)
        at async asyncRunEntryPointWithESMLoader (node:internal/modules/run_main:122:5)
  ],
  [Symbol(message)]: `{"env":"development","level":"error","message":"Uncaught Exception: Cannot read properties of undefined (reading 'ne')","service":"smartpos-backend","stack":"TypeError: Cannot read properties of undefined (reading 'ne')\\n    at file:///E:/Personal/important/smartpos/backend/src/models/Log.js:50:25\\n    at ModuleJob.run (node:internal/modules/esm/module_job:234:25)\\n    at async ModuleLoader.import (node:internal/modules/esm/loader:473:24)\\n    at async asyncRunEntryPointWithESMLoader (node:internal/modules/run_main:122:5)","timestamp":"2025-07-29 15:21:19"}`
}
TypeError: Cannot read properties of undefined (reading 'ne')
    at file:///E:/Personal/important/smartpos/backend/src/models/Log.js:50:25
    at ModuleJob.run (node:internal/modules/esm/module_job:234:25)
    at async ModuleLoader.import (node:internal/modules/esm/loader:473:24)
    at async asyncRunEntryPointWithESMLoader (node:internal/modules/run_main:122:5)
2025-07-29 15:22:58 [ERROR]: Uncaught Exception: Cannot read properties of undefined (reading 'ne')
{
  service: 'smartpos-backend',
  env: 'development',
  [Symbol(level)]: 'error',
  [Symbol(splat)]: [
    TypeError: Cannot read properties of undefined (reading 'ne')
        at file:///E:/Personal/important/smartpos/backend/src/models/Log.js:50:25
        at ModuleJob.run (node:internal/modules/esm/module_job:234:25)
        at async ModuleLoader.import (node:internal/modules/esm/loader:473:24)
        at async asyncRunEntryPointWithESMLoader (node:internal/modules/run_main:122:5)
  ],
  [Symbol(message)]: `{"env":"development","level":"error","message":"Uncaught Exception: Cannot read properties of undefined (reading 'ne')","service":"smartpos-backend","stack":"TypeError: Cannot read properties of undefined (reading 'ne')\\n    at file:///E:/Personal/important/smartpos/backend/src/models/Log.js:50:25\\n    at ModuleJob.run (node:internal/modules/esm/module_job:234:25)\\n    at async ModuleLoader.import (node:internal/modules/esm/loader:473:24)\\n    at async asyncRunEntryPointWithESMLoader (node:internal/modules/run_main:122:5)","timestamp":"2025-07-29 15:22:58"}`
}
TypeError: Cannot read properties of undefined (reading 'ne')
    at file:///E:/Personal/important/smartpos/backend/src/models/Log.js:50:25
    at ModuleJob.run (node:internal/modules/esm/module_job:234:25)
    at async ModuleLoader.import (node:internal/modules/esm/loader:473:24)
    at async asyncRunEntryPointWithESMLoader (node:internal/modules/run_main:122:5)
2025-07-29 15:23:40 [ERROR]: Uncaught Exception: Log.initialize is not a function
{
  service: 'smartpos-backend',
  env: 'development',
  [Symbol(level)]: 'error',
  [Symbol(splat)]: [
    TypeError: Log.initialize is not a function
        at file:///E:/Personal/important/smartpos/backend/src/models/index.js:19:5
        at ModuleJob.run (node:internal/modules/esm/module_job:234:25)
        at async ModuleLoader.import (node:internal/modules/esm/loader:473:24)
        at async asyncRunEntryPointWithESMLoader (node:internal/modules/run_main:122:5)
  ],
  [Symbol(message)]: '{"env":"development","level":"error","message":"Uncaught Exception: Log.initialize is not a function","service":"smartpos-backend","stack":"TypeError: Log.initialize is not a function\\n    at file:///E:/Personal/important/smartpos/backend/src/models/index.js:19:5\\n    at ModuleJob.run (node:internal/modules/esm/module_job:234:25)\\n    at async ModuleLoader.import (node:internal/modules/esm/loader:473:24)\\n    at async asyncRunEntryPointWithESMLoader (node:internal/modules/run_main:122:5)","timestamp":"2025-07-29 15:23:40"}'
}
TypeError: Log.initialize is not a function
    at file:///E:/Personal/important/smartpos/backend/src/models/index.js:19:5
    at ModuleJob.run (node:internal/modules/esm/module_job:234:25)
    at async ModuleLoader.import (node:internal/modules/esm/loader:473:24)
    at async asyncRunEntryPointWithESMLoader (node:internal/modules/run_main:122:5)
2025-07-29 15:23:41 [ERROR]: Uncaught Exception: Log.initialize is not a function
{
  service: 'smartpos-backend',
  env: 'development',
  [Symbol(level)]: 'error',
  [Symbol(splat)]: [
    TypeError: Log.initialize is not a function
        at file:///E:/Personal/important/smartpos/backend/src/models/index.js:19:5
        at ModuleJob.run (node:internal/modules/esm/module_job:234:25)
        at async ModuleLoader.import (node:internal/modules/esm/loader:473:24)
        at async asyncRunEntryPointWithESMLoader (node:internal/modules/run_main:122:5)
  ],
  [Symbol(message)]: '{"env":"development","level":"error","message":"Uncaught Exception: Log.initialize is not a function","service":"smartpos-backend","stack":"TypeError: Log.initialize is not a function\\n    at file:///E:/Personal/important/smartpos/backend/src/models/index.js:19:5\\n    at ModuleJob.run (node:internal/modules/esm/module_job:234:25)\\n    at async ModuleLoader.import (node:internal/modules/esm/loader:473:24)\\n    at async asyncRunEntryPointWithESMLoader (node:internal/modules/run_main:122:5)","timestamp":"2025-07-29 15:23:41"}'
}
TypeError: Log.initialize is not a function
    at file:///E:/Personal/important/smartpos/backend/src/models/index.js:19:5
    at ModuleJob.run (node:internal/modules/esm/module_job:234:25)
    at async ModuleLoader.import (node:internal/modules/esm/loader:473:24)
    at async asyncRunEntryPointWithESMLoader (node:internal/modules/run_main:122:5)
2025-07-29 15:24:08 [ERROR]: Uncaught Exception: Log.initialize is not a function
{
  service: 'smartpos-backend',
  env: 'development',
  [Symbol(level)]: 'error',
  [Symbol(splat)]: [
    TypeError: Log.initialize is not a function
        at file:///E:/Personal/important/smartpos/backend/src/models/index.js:19:5
        at ModuleJob.run (node:internal/modules/esm/module_job:234:25)
        at async ModuleLoader.import (node:internal/modules/esm/loader:473:24)
        at async asyncRunEntryPointWithESMLoader (node:internal/modules/run_main:122:5)
  ],
  [Symbol(message)]: '{"env":"development","level":"error","message":"Uncaught Exception: Log.initialize is not a function","service":"smartpos-backend","stack":"TypeError: Log.initialize is not a function\\n    at file:///E:/Personal/important/smartpos/backend/src/models/index.js:19:5\\n    at ModuleJob.run (node:internal/modules/esm/module_job:234:25)\\n    at async ModuleLoader.import (node:internal/modules/esm/loader:473:24)\\n    at async asyncRunEntryPointWithESMLoader (node:internal/modules/run_main:122:5)","timestamp":"2025-07-29 15:24:08"}'
}
TypeError: Log.initialize is not a function
    at file:///E:/Personal/important/smartpos/backend/src/models/index.js:19:5
    at ModuleJob.run (node:internal/modules/esm/module_job:234:25)
    at async ModuleLoader.import (node:internal/modules/esm/loader:473:24)
    at async asyncRunEntryPointWithESMLoader (node:internal/modules/run_main:122:5)
2025-07-29 15:24:36 [ERROR]: Uncaught Exception: Log.initialize is not a function
{
  service: 'smartpos-backend',
  env: 'development',
  [Symbol(level)]: 'error',
  [Symbol(splat)]: [
    TypeError: Log.initialize is not a function
        at file:///E:/Personal/important/smartpos/backend/src/models/index.js:19:5
        at ModuleJob.run (node:internal/modules/esm/module_job:234:25)
        at async ModuleLoader.import (node:internal/modules/esm/loader:473:24)
        at async asyncRunEntryPointWithESMLoader (node:internal/modules/run_main:122:5)
  ],
  [Symbol(message)]: '{"env":"development","level":"error","message":"Uncaught Exception: Log.initialize is not a function","service":"smartpos-backend","stack":"TypeError: Log.initialize is not a function\\n    at file:///E:/Personal/important/smartpos/backend/src/models/index.js:19:5\\n    at ModuleJob.run (node:internal/modules/esm/module_job:234:25)\\n    at async ModuleLoader.import (node:internal/modules/esm/loader:473:24)\\n    at async asyncRunEntryPointWithESMLoader (node:internal/modules/run_main:122:5)","timestamp":"2025-07-29 15:24:36"}'
}
TypeError: Log.initialize is not a function
    at file:///E:/Personal/important/smartpos/backend/src/models/index.js:19:5
    at ModuleJob.run (node:internal/modules/esm/module_job:234:25)
    at async ModuleLoader.import (node:internal/modules/esm/loader:473:24)
    at async asyncRunEntryPointWithESMLoader (node:internal/modules/run_main:122:5)
2025-07-29 15:24:51 [ERROR]: Uncaught Exception: Log.initialize is not a function
{
  service: 'smartpos-backend',
  env: 'development',
  [Symbol(level)]: 'error',
  [Symbol(splat)]: [
    TypeError: Log.initialize is not a function
        at file:///E:/Personal/important/smartpos/backend/src/models/index.js:19:5
        at ModuleJob.run (node:internal/modules/esm/module_job:234:25)
        at async ModuleLoader.import (node:internal/modules/esm/loader:473:24)
        at async asyncRunEntryPointWithESMLoader (node:internal/modules/run_main:122:5)
  ],
  [Symbol(message)]: '{"env":"development","level":"error","message":"Uncaught Exception: Log.initialize is not a function","service":"smartpos-backend","stack":"TypeError: Log.initialize is not a function\\n    at file:///E:/Personal/important/smartpos/backend/src/models/index.js:19:5\\n    at ModuleJob.run (node:internal/modules/esm/module_job:234:25)\\n    at async ModuleLoader.import (node:internal/modules/esm/loader:473:24)\\n    at async asyncRunEntryPointWithESMLoader (node:internal/modules/run_main:122:5)","timestamp":"2025-07-29 15:24:51"}'
}
TypeError: Log.initialize is not a function
    at file:///E:/Personal/important/smartpos/backend/src/models/index.js:19:5
    at ModuleJob.run (node:internal/modules/esm/module_job:234:25)
    at async ModuleLoader.import (node:internal/modules/esm/loader:473:24)
    at async asyncRunEntryPointWithESMLoader (node:internal/modules/run_main:122:5)
2025-07-29 15:26:17 [ERROR]: Uncaught Exception: Route.post() requires a callback function but got a [object Undefined]
{
  service: 'smartpos-backend',
  env: 'development',
  [Symbol(level)]: 'error',
  [Symbol(splat)]: [
    Error: Route.post() requires a callback function but got a [object Undefined]
        at Route.<computed> [as post] (E:\Personal\important\smartpos\backend\node_modules\express\lib\router\route.js:216:15)
        at proto.<computed> [as post] (E:\Personal\important\smartpos\backend\node_modules\express\lib\router\index.js:521:19)
        at file:///E:/Personal/important/smartpos/backend/src/routes/user.routes.js:9:8
        at ModuleJob.run (node:internal/modules/esm/module_job:234:25)
        at async ModuleLoader.import (node:internal/modules/esm/loader:473:24)
        at async asyncRunEntryPointWithESMLoader (node:internal/modules/run_main:122:5)
  ],
  [Symbol(message)]: '{"env":"development","level":"error","message":"Uncaught Exception: Route.post() requires a callback function but got a [object Undefined]","service":"smartpos-backend","stack":"Error: Route.post() requires a callback function but got a [object Undefined]\\n    at Route.<computed> [as post] (E:\\\\Personal\\\\important\\\\smartpos\\\\backend\\\\node_modules\\\\express\\\\lib\\\\router\\\\route.js:216:15)\\n    at proto.<computed> [as post] (E:\\\\Personal\\\\important\\\\smartpos\\\\backend\\\\node_modules\\\\express\\\\lib\\\\router\\\\index.js:521:19)\\n    at file:///E:/Personal/important/smartpos/backend/src/routes/user.routes.js:9:8\\n    at ModuleJob.run (node:internal/modules/esm/module_job:234:25)\\n    at async ModuleLoader.import (node:internal/modules/esm/loader:473:24)\\n    at async asyncRunEntryPointWithESMLoader (node:internal/modules/run_main:122:5)","timestamp":"2025-07-29 15:26:17"}'
}
Error: Route.post() requires a callback function but got a [object Undefined]
    at Route.<computed> [as post] (E:\Personal\important\smartpos\backend\node_modules\express\lib\router\route.js:216:15)
    at proto.<computed> [as post] (E:\Personal\important\smartpos\backend\node_modules\express\lib\router\index.js:521:19)
    at file:///E:/Personal/important/smartpos/backend/src/routes/user.routes.js:9:8
    at ModuleJob.run (node:internal/modules/esm/module_job:234:25)
    at async ModuleLoader.import (node:internal/modules/esm/loader:473:24)
    at async asyncRunEntryPointWithESMLoader (node:internal/modules/run_main:122:5)
2025-07-29 15:26:21 [ERROR]: Uncaught Exception: Route.post() requires a callback function but got a [object Undefined]
{
  service: 'smartpos-backend',
  env: 'development',
  [Symbol(level)]: 'error',
  [Symbol(splat)]: [
    Error: Route.post() requires a callback function but got a [object Undefined]
        at Route.<computed> [as post] (E:\Personal\important\smartpos\backend\node_modules\express\lib\router\route.js:216:15)
        at proto.<computed> [as post] (E:\Personal\important\smartpos\backend\node_modules\express\lib\router\index.js:521:19)
        at file:///E:/Personal/important/smartpos/backend/src/routes/user.routes.js:9:8
        at ModuleJob.run (node:internal/modules/esm/module_job:234:25)
        at async ModuleLoader.import (node:internal/modules/esm/loader:473:24)
        at async asyncRunEntryPointWithESMLoader (node:internal/modules/run_main:122:5)
  ],
  [Symbol(message)]: '{"env":"development","level":"error","message":"Uncaught Exception: Route.post() requires a callback function but got a [object Undefined]","service":"smartpos-backend","stack":"Error: Route.post() requires a callback function but got a [object Undefined]\\n    at Route.<computed> [as post] (E:\\\\Personal\\\\important\\\\smartpos\\\\backend\\\\node_modules\\\\express\\\\lib\\\\router\\\\route.js:216:15)\\n    at proto.<computed> [as post] (E:\\\\Personal\\\\important\\\\smartpos\\\\backend\\\\node_modules\\\\express\\\\lib\\\\router\\\\index.js:521:19)\\n    at file:///E:/Personal/important/smartpos/backend/src/routes/user.routes.js:9:8\\n    at ModuleJob.run (node:internal/modules/esm/module_job:234:25)\\n    at async ModuleLoader.import (node:internal/modules/esm/loader:473:24)\\n    at async asyncRunEntryPointWithESMLoader (node:internal/modules/run_main:122:5)","timestamp":"2025-07-29 15:26:21"}'
}
Error: Route.post() requires a callback function but got a [object Undefined]
    at Route.<computed> [as post] (E:\Personal\important\smartpos\backend\node_modules\express\lib\router\route.js:216:15)
    at proto.<computed> [as post] (E:\Personal\important\smartpos\backend\node_modules\express\lib\router\index.js:521:19)
    at file:///E:/Personal/important/smartpos/backend/src/routes/user.routes.js:9:8
    at ModuleJob.run (node:internal/modules/esm/module_job:234:25)
    at async ModuleLoader.import (node:internal/modules/esm/loader:473:24)
    at async asyncRunEntryPointWithESMLoader (node:internal/modules/run_main:122:5)
2025-07-29 15:26:58 [ERROR]: Uncaught Exception: Route.post() requires a callback function but got a [object Undefined]
{
  service: 'smartpos-backend',
  env: 'development',
  [Symbol(level)]: 'error',
  [Symbol(splat)]: [
    Error: Route.post() requires a callback function but got a [object Undefined]
        at Route.<computed> [as post] (E:\Personal\important\smartpos\backend\node_modules\express\lib\router\route.js:216:15)
        at proto.<computed> [as post] (E:\Personal\important\smartpos\backend\node_modules\express\lib\router\index.js:521:19)
        at file:///E:/Personal/important/smartpos/backend/src/routes/user.routes.js:9:8
        at ModuleJob.run (node:internal/modules/esm/module_job:234:25)
        at async ModuleLoader.import (node:internal/modules/esm/loader:473:24)
        at async asyncRunEntryPointWithESMLoader (node:internal/modules/run_main:122:5)
  ],
  [Symbol(message)]: '{"env":"development","level":"error","message":"Uncaught Exception: Route.post() requires a callback function but got a [object Undefined]","service":"smartpos-backend","stack":"Error: Route.post() requires a callback function but got a [object Undefined]\\n    at Route.<computed> [as post] (E:\\\\Personal\\\\important\\\\smartpos\\\\backend\\\\node_modules\\\\express\\\\lib\\\\router\\\\route.js:216:15)\\n    at proto.<computed> [as post] (E:\\\\Personal\\\\important\\\\smartpos\\\\backend\\\\node_modules\\\\express\\\\lib\\\\router\\\\index.js:521:19)\\n    at file:///E:/Personal/important/smartpos/backend/src/routes/user.routes.js:9:8\\n    at ModuleJob.run (node:internal/modules/esm/module_job:234:25)\\n    at async ModuleLoader.import (node:internal/modules/esm/loader:473:24)\\n    at async asyncRunEntryPointWithESMLoader (node:internal/modules/run_main:122:5)","timestamp":"2025-07-29 15:26:58"}'
}
Error: Route.post() requires a callback function but got a [object Undefined]
    at Route.<computed> [as post] (E:\Personal\important\smartpos\backend\node_modules\express\lib\router\route.js:216:15)
    at proto.<computed> [as post] (E:\Personal\important\smartpos\backend\node_modules\express\lib\router\index.js:521:19)
    at file:///E:/Personal/important/smartpos/backend/src/routes/user.routes.js:9:8
    at ModuleJob.run (node:internal/modules/esm/module_job:234:25)
    at async ModuleLoader.import (node:internal/modules/esm/loader:473:24)
    at async asyncRunEntryPointWithESMLoader (node:internal/modules/run_main:122:5)
2025-07-29 15:29:03 [ERROR]: Uncaught Exception: Cannot read properties of undefined (reading 'logging')
{
  service: 'smartpos-backend',
  env: 'development',
  [Symbol(level)]: 'error',
  [Symbol(splat)]: [
    TypeError: Cannot read properties of undefined (reading 'logging')
        at file:///E:/Personal/important/smartpos/backend/src/utils/db.js:11:21
        at ModuleJob.run (node:internal/modules/esm/module_job:234:25)
        at async ModuleLoader.import (node:internal/modules/esm/loader:473:24)
        at async asyncRunEntryPointWithESMLoader (node:internal/modules/run_main:122:5)
  ],
  [Symbol(message)]: `{"env":"development","level":"error","message":"Uncaught Exception: Cannot read properties of undefined (reading 'logging')","service":"smartpos-backend","stack":"TypeError: Cannot read properties of undefined (reading 'logging')\\n    at file:///E:/Personal/important/smartpos/backend/src/utils/db.js:11:21\\n    at ModuleJob.run (node:internal/modules/esm/module_job:234:25)\\n    at async ModuleLoader.import (node:internal/modules/esm/loader:473:24)\\n    at async asyncRunEntryPointWithESMLoader (node:internal/modules/run_main:122:5)","timestamp":"2025-07-29 15:29:03"}`
}
TypeError: Cannot read properties of undefined (reading 'logging')
    at file:///E:/Personal/important/smartpos/backend/src/utils/db.js:11:21
    at ModuleJob.run (node:internal/modules/esm/module_job:234:25)
    at async ModuleLoader.import (node:internal/modules/esm/loader:473:24)
    at async asyncRunEntryPointWithESMLoader (node:internal/modules/run_main:122:5)
2025-07-29 15:29:26 [ERROR]: Uncaught Exception: Cannot read properties of undefined (reading 'logging')
{
  service: 'smartpos-backend',
  env: 'development',
  [Symbol(level)]: 'error',
  [Symbol(splat)]: [
    TypeError: Cannot read properties of undefined (reading 'logging')
        at file:///E:/Personal/important/smartpos/backend/src/utils/db.js:11:21
        at ModuleJob.run (node:internal/modules/esm/module_job:234:25)
        at async ModuleLoader.import (node:internal/modules/esm/loader:473:24)
        at async asyncRunEntryPointWithESMLoader (node:internal/modules/run_main:122:5)
  ],
  [Symbol(message)]: `{"env":"development","level":"error","message":"Uncaught Exception: Cannot read properties of undefined (reading 'logging')","service":"smartpos-backend","stack":"TypeError: Cannot read properties of undefined (reading 'logging')\\n    at file:///E:/Personal/important/smartpos/backend/src/utils/db.js:11:21\\n    at ModuleJob.run (node:internal/modules/esm/module_job:234:25)\\n    at async ModuleLoader.import (node:internal/modules/esm/loader:473:24)\\n    at async asyncRunEntryPointWithESMLoader (node:internal/modules/run_main:122:5)","timestamp":"2025-07-29 15:29:26"}`
}
TypeError: Cannot read properties of undefined (reading 'logging')
    at file:///E:/Personal/important/smartpos/backend/src/utils/db.js:11:21
    at ModuleJob.run (node:internal/modules/esm/module_job:234:25)
    at async ModuleLoader.import (node:internal/modules/esm/loader:473:24)
    at async asyncRunEntryPointWithESMLoader (node:internal/modules/run_main:122:5)
2025-07-29 15:32:17 [ERROR]: Uncaught Exception: User is not defined
{
  service: 'smartpos-backend',
  env: 'development',
  [Symbol(level)]: 'error',
  [Symbol(splat)]: [
    ReferenceError: User is not defined
        at file:///E:/Personal/important/smartpos/backend/src/utils/db.js:9:3
        at ModuleJob.run (node:internal/modules/esm/module_job:234:25)
        at async ModuleLoader.import (node:internal/modules/esm/loader:473:24)
        at async asyncRunEntryPointWithESMLoader (node:internal/modules/run_main:122:5)
  ],
  [Symbol(message)]: '{"env":"development","level":"error","message":"Uncaught Exception: User is not defined","service":"smartpos-backend","stack":"ReferenceError: User is not defined\\n    at file:///E:/Personal/important/smartpos/backend/src/utils/db.js:9:3\\n    at ModuleJob.run (node:internal/modules/esm/module_job:234:25)\\n    at async ModuleLoader.import (node:internal/modules/esm/loader:473:24)\\n    at async asyncRunEntryPointWithESMLoader (node:internal/modules/run_main:122:5)","timestamp":"2025-07-29 15:32:17"}'
}
ReferenceError: User is not defined
    at file:///E:/Personal/important/smartpos/backend/src/utils/db.js:9:3
    at ModuleJob.run (node:internal/modules/esm/module_job:234:25)
    at async ModuleLoader.import (node:internal/modules/esm/loader:473:24)
    at async asyncRunEntryPointWithESMLoader (node:internal/modules/run_main:122:5)
2025-07-29 15:32:28 [ERROR]: Uncaught Exception: User is not defined
{
  service: 'smartpos-backend',
  env: 'development',
  [Symbol(level)]: 'error',
  [Symbol(splat)]: [
    ReferenceError: User is not defined
        at file:///E:/Personal/important/smartpos/backend/src/utils/db.js:9:3
        at ModuleJob.run (node:internal/modules/esm/module_job:234:25)
        at async ModuleLoader.import (node:internal/modules/esm/loader:473:24)
        at async asyncRunEntryPointWithESMLoader (node:internal/modules/run_main:122:5)
  ],
  [Symbol(message)]: '{"env":"development","level":"error","message":"Uncaught Exception: User is not defined","service":"smartpos-backend","stack":"ReferenceError: User is not defined\\n    at file:///E:/Personal/important/smartpos/backend/src/utils/db.js:9:3\\n    at ModuleJob.run (node:internal/modules/esm/module_job:234:25)\\n    at async ModuleLoader.import (node:internal/modules/esm/loader:473:24)\\n    at async asyncRunEntryPointWithESMLoader (node:internal/modules/run_main:122:5)","timestamp":"2025-07-29 15:32:28"}'
}
ReferenceError: User is not defined
    at file:///E:/Personal/important/smartpos/backend/src/utils/db.js:9:3
    at ModuleJob.run (node:internal/modules/esm/module_job:234:25)
    at async ModuleLoader.import (node:internal/modules/esm/loader:473:24)
    at async asyncRunEntryPointWithESMLoader (node:internal/modules/run_main:122:5)
2025-07-29 15:33:07 [ERROR]: ❌ Error synchronizing database: column "meta->requestId" does not exist
{
  service: 'smartpos-backend',
  env: 'development',
  name: 'SequelizeDatabaseError',
  parent: error: column "meta->requestId" does not exist
      at Parser.parseErrorMessage (E:\Personal\important\smartpos\backend\node_modules\pg-protocol\dist\parser.js:285:98)
      at Parser.handlePacket (E:\Personal\important\smartpos\backend\node_modules\pg-protocol\dist\parser.js:122:29)
      at Parser.parse (E:\Personal\important\smartpos\backend\node_modules\pg-protocol\dist\parser.js:35:38)
      at TLSSocket.<anonymous> (E:\Personal\important\smartpos\backend\node_modules\pg-protocol\dist\index.js:11:42)
      at TLSSocket.emit (node:events:518:28)
      at addChunk (node:internal/streams/readable:561:12)
      at readableAddChunkPushByteMode (node:internal/streams/readable:512:3)
      at Readable.push (node:internal/streams/readable:392:5)
      at TLSWrap.onStreamRead (node:internal/stream_base_commons:191:23) {
    length: 116,
    severity: 'ERROR',
    code: '42703',
    detail: undefined,
    hint: undefined,
    position: '104',
    internalPosition: undefined,
    internalQuery: undefined,
    where: undefined,
    schema: undefined,
    table: undefined,
    column: undefined,
    dataType: undefined,
    constraint: undefined,
    file: 'parse_relation.c',
    line: '3716',
    routine: 'errorMissingColumn',
    sql: `CREATE INDEX "logs_meta_request_id_idx" ON "logs" (jsonb_extract_path_text("meta", 'requestId')) WHERE "meta->requestId" IS NOT NULL`,
    parameters: undefined
  },
  original: error: column "meta->requestId" does not exist
      at Parser.parseErrorMessage (E:\Personal\important\smartpos\backend\node_modules\pg-protocol\dist\parser.js:285:98)
      at Parser.handlePacket (E:\Personal\important\smartpos\backend\node_modules\pg-protocol\dist\parser.js:122:29)
      at Parser.parse (E:\Personal\important\smartpos\backend\node_modules\pg-protocol\dist\parser.js:35:38)
      at TLSSocket.<anonymous> (E:\Personal\important\smartpos\backend\node_modules\pg-protocol\dist\index.js:11:42)
      at TLSSocket.emit (node:events:518:28)
      at addChunk (node:internal/streams/readable:561:12)
      at readableAddChunkPushByteMode (node:internal/streams/readable:512:3)
      at Readable.push (node:internal/streams/readable:392:5)
      at TLSWrap.onStreamRead (node:internal/stream_base_commons:191:23) {
    length: 116,
    severity: 'ERROR',
    code: '42703',
    detail: undefined,
    hint: undefined,
    position: '104',
    internalPosition: undefined,
    internalQuery: undefined,
    where: undefined,
    schema: undefined,
    table: undefined,
    column: undefined,
    dataType: undefined,
    constraint: undefined,
    file: 'parse_relation.c',
    line: '3716',
    routine: 'errorMissingColumn',
    sql: `CREATE INDEX "logs_meta_request_id_idx" ON "logs" (jsonb_extract_path_text("meta", 'requestId')) WHERE "meta->requestId" IS NOT NULL`,
    parameters: undefined
  },
  sql: `CREATE INDEX "logs_meta_request_id_idx" ON "logs" (jsonb_extract_path_text("meta", 'requestId')) WHERE "meta->requestId" IS NOT NULL`,
  parameters: {},
  [Symbol(level)]: 'error',
  [Symbol(splat)]: [
    Error
        at Query.run (E:\Personal\important\smartpos\backend\node_modules\sequelize\lib\dialects\postgres\query.js:50:25)
        at E:\Personal\important\smartpos\backend\node_modules\sequelize\lib\sequelize.js:315:28
        at process.processTicksAndRejections (node:internal/process/task_queues:95:5)
        at async PostgresQueryInterface.addIndex (E:\Personal\important\smartpos\backend\node_modules\sequelize\lib\dialects\abstract\query-interface.js:250:12)
        at async Log.sync (E:\Personal\important\smartpos\backend\node_modules\sequelize\lib\model.js:999:7)
        at async Sequelize.sync (E:\Personal\important\smartpos\backend\node_modules\sequelize\lib\sequelize.js:377:9)
        at async syncDatabase (file:///E:/Personal/important/smartpos/backend/src/config/db.js:78:5)
        at async initializeApp (file:///E:/Personal/important/smartpos/backend/src/server.js:18:5)
        at async startServer (file:///E:/Personal/important/smartpos/backend/src/server.js:69:5) {
      name: 'SequelizeDatabaseError',
      parent: error: column "meta->requestId" does not exist
          at Parser.parseErrorMessage (E:\Personal\important\smartpos\backend\node_modules\pg-protocol\dist\parser.js:285:98)
          at Parser.handlePacket (E:\Personal\important\smartpos\backend\node_modules\pg-protocol\dist\parser.js:122:29)
          at Parser.parse (E:\Personal\important\smartpos\backend\node_modules\pg-protocol\dist\parser.js:35:38)
          at TLSSocket.<anonymous> (E:\Personal\important\smartpos\backend\node_modules\pg-protocol\dist\index.js:11:42)
          at TLSSocket.emit (node:events:518:28)
          at addChunk (node:internal/streams/readable:561:12)
          at readableAddChunkPushByteMode (node:internal/streams/readable:512:3)
          at Readable.push (node:internal/streams/readable:392:5)
          at TLSWrap.onStreamRead (node:internal/stream_base_commons:191:23) {
        length: 116,
        severity: 'ERROR',
        code: '42703',
        detail: undefined,
        hint: undefined,
        position: '104',
        internalPosition: undefined,
        internalQuery: undefined,
        where: undefined,
        schema: undefined,
        table: undefined,
        column: undefined,
        dataType: undefined,
        constraint: undefined,
        file: 'parse_relation.c',
        line: '3716',
        routine: 'errorMissingColumn',
        sql: `CREATE INDEX "logs_meta_request_id_idx" ON "logs" (jsonb_extract_path_text("meta", 'requestId')) WHERE "meta->requestId" IS NOT NULL`,
        parameters: undefined
      },
      original: error: column "meta->requestId" does not exist
          at Parser.parseErrorMessage (E:\Personal\important\smartpos\backend\node_modules\pg-protocol\dist\parser.js:285:98)
          at Parser.handlePacket (E:\Personal\important\smartpos\backend\node_modules\pg-protocol\dist\parser.js:122:29)
          at Parser.parse (E:\Personal\important\smartpos\backend\node_modules\pg-protocol\dist\parser.js:35:38)
          at TLSSocket.<anonymous> (E:\Personal\important\smartpos\backend\node_modules\pg-protocol\dist\index.js:11:42)
          at TLSSocket.emit (node:events:518:28)
          at addChunk (node:internal/streams/readable:561:12)
          at readableAddChunkPushByteMode (node:internal/streams/readable:512:3)
          at Readable.push (node:internal/streams/readable:392:5)
          at TLSWrap.onStreamRead (node:internal/stream_base_commons:191:23) {
        length: 116,
        severity: 'ERROR',
        code: '42703',
        detail: undefined,
        hint: undefined,
        position: '104',
        internalPosition: undefined,
        internalQuery: undefined,
        where: undefined,
        schema: undefined,
        table: undefined,
        column: undefined,
        dataType: undefined,
        constraint: undefined,
        file: 'parse_relation.c',
        line: '3716',
        routine: 'errorMissingColumn',
        sql: `CREATE INDEX "logs_meta_request_id_idx" ON "logs" (jsonb_extract_path_text("meta", 'requestId')) WHERE "meta->requestId" IS NOT NULL`,
        parameters: undefined
      },
      sql: `CREATE INDEX "logs_meta_request_id_idx" ON "logs" (jsonb_extract_path_text("meta", 'requestId')) WHERE "meta->requestId" IS NOT NULL`,
      parameters: {}
    }
  ],
  [Symbol(message)]: `{"env":"development","level":"error","message":"❌ Error synchronizing database: column \\"meta->requestId\\" does not exist","name":"SequelizeDatabaseError","original":{"code":"42703","file":"parse_relation.c","length":116,"line":"3716","name":"error","position":"104","routine":"errorMissingColumn","severity":"ERROR","sql":"CREATE INDEX \\"logs_meta_request_id_idx\\" ON \\"logs\\" (jsonb_extract_path_text(\\"meta\\", 'requestId')) WHERE \\"meta->requestId\\" IS NOT NULL"},"parameters":{},"parent":{"code":"42703","file":"parse_relation.c","length":116,"line":"3716","name":"error","position":"104","routine":"errorMissingColumn","severity":"ERROR","sql":"CREATE INDEX \\"logs_meta_request_id_idx\\" ON \\"logs\\" (jsonb_extract_path_text(\\"meta\\", 'requestId')) WHERE \\"meta->requestId\\" IS NOT NULL"},"service":"smartpos-backend","sql":"CREATE INDEX \\"logs_meta_request_id_idx\\" ON \\"logs\\" (jsonb_extract_path_text(\\"meta\\", 'requestId')) WHERE \\"meta->requestId\\" IS NOT NULL","stack":"Error\\n    at Query.run (E:\\\\Personal\\\\important\\\\smartpos\\\\backend\\\\node_modules\\\\sequelize\\\\lib\\\\dialects\\\\postgres\\\\query.js:50:25)\\n    at E:\\\\Personal\\\\important\\\\smartpos\\\\backend\\\\node_modules\\\\sequelize\\\\lib\\\\sequelize.js:315:28\\n    at process.processTicksAndRejections (node:internal/process/task_queues:95:5)\\n    at async PostgresQueryInterface.addIndex (E:\\\\Personal\\\\important\\\\smartpos\\\\backend\\\\node_modules\\\\sequelize\\\\lib\\\\dialects\\\\abstract\\\\query-interface.js:250:12)\\n    at async Log.sync (E:\\\\Personal\\\\important\\\\smartpos\\\\backend\\\\node_modules\\\\sequelize\\\\lib\\\\model.js:999:7)\\n    at async Sequelize.sync (E:\\\\Personal\\\\important\\\\smartpos\\\\backend\\\\node_modules\\\\sequelize\\\\lib\\\\sequelize.js:377:9)\\n    at async syncDatabase (file:///E:/Personal/important/smartpos/backend/src/config/db.js:78:5)\\n    at async initializeApp (file:///E:/Personal/important/smartpos/backend/src/server.js:18:5)\\n    at async startServer (file:///E:/Personal/important/smartpos/backend/src/server.js:69:5)","timestamp":"2025-07-29 15:33:07"}`
}
Error
    at Query.run (E:\Personal\important\smartpos\backend\node_modules\sequelize\lib\dialects\postgres\query.js:50:25)
    at E:\Personal\important\smartpos\backend\node_modules\sequelize\lib\sequelize.js:315:28
    at process.processTicksAndRejections (node:internal/process/task_queues:95:5)
    at async PostgresQueryInterface.addIndex (E:\Personal\important\smartpos\backend\node_modules\sequelize\lib\dialects\abstract\query-interface.js:250:12)
    at async Log.sync (E:\Personal\important\smartpos\backend\node_modules\sequelize\lib\model.js:999:7)
    at async Sequelize.sync (E:\Personal\important\smartpos\backend\node_modules\sequelize\lib\sequelize.js:377:9)
    at async syncDatabase (file:///E:/Personal/important/smartpos/backend/src/config/db.js:78:5)
    at async initializeApp (file:///E:/Personal/important/smartpos/backend/src/server.js:18:5)
    at async startServer (file:///E:/Personal/important/smartpos/backend/src/server.js:69:5)
2025-07-29 15:33:22 [ERROR]: ❌ Error synchronizing database: column "meta->requestId" does not exist
{
  service: 'smartpos-backend',
  env: 'development',
  name: 'SequelizeDatabaseError',
  parent: error: column "meta->requestId" does not exist
      at Parser.parseErrorMessage (E:\Personal\important\smartpos\backend\node_modules\pg-protocol\dist\parser.js:285:98)
      at Parser.handlePacket (E:\Personal\important\smartpos\backend\node_modules\pg-protocol\dist\parser.js:122:29)
      at Parser.parse (E:\Personal\important\smartpos\backend\node_modules\pg-protocol\dist\parser.js:35:38)
      at TLSSocket.<anonymous> (E:\Personal\important\smartpos\backend\node_modules\pg-protocol\dist\index.js:11:42)
      at TLSSocket.emit (node:events:518:28)
      at addChunk (node:internal/streams/readable:561:12)
      at readableAddChunkPushByteMode (node:internal/streams/readable:512:3)
      at Readable.push (node:internal/streams/readable:392:5)
      at TLSWrap.onStreamRead (node:internal/stream_base_commons:191:23) {
    length: 116,
    severity: 'ERROR',
    code: '42703',
    detail: undefined,
    hint: undefined,
    position: '104',
    internalPosition: undefined,
    internalQuery: undefined,
    where: undefined,
    schema: undefined,
    table: undefined,
    column: undefined,
    dataType: undefined,
    constraint: undefined,
    file: 'parse_relation.c',
    line: '3716',
    routine: 'errorMissingColumn',
    sql: `CREATE INDEX "logs_meta_request_id_idx" ON "logs" (jsonb_extract_path_text("meta", 'requestId')) WHERE "meta->requestId" IS NOT NULL`,
    parameters: undefined
  },
  original: error: column "meta->requestId" does not exist
      at Parser.parseErrorMessage (E:\Personal\important\smartpos\backend\node_modules\pg-protocol\dist\parser.js:285:98)
      at Parser.handlePacket (E:\Personal\important\smartpos\backend\node_modules\pg-protocol\dist\parser.js:122:29)
      at Parser.parse (E:\Personal\important\smartpos\backend\node_modules\pg-protocol\dist\parser.js:35:38)
      at TLSSocket.<anonymous> (E:\Personal\important\smartpos\backend\node_modules\pg-protocol\dist\index.js:11:42)
      at TLSSocket.emit (node:events:518:28)
      at addChunk (node:internal/streams/readable:561:12)
      at readableAddChunkPushByteMode (node:internal/streams/readable:512:3)
      at Readable.push (node:internal/streams/readable:392:5)
      at TLSWrap.onStreamRead (node:internal/stream_base_commons:191:23) {
    length: 116,
    severity: 'ERROR',
    code: '42703',
    detail: undefined,
    hint: undefined,
    position: '104',
    internalPosition: undefined,
    internalQuery: undefined,
    where: undefined,
    schema: undefined,
    table: undefined,
    column: undefined,
    dataType: undefined,
    constraint: undefined,
    file: 'parse_relation.c',
    line: '3716',
    routine: 'errorMissingColumn',
    sql: `CREATE INDEX "logs_meta_request_id_idx" ON "logs" (jsonb_extract_path_text("meta", 'requestId')) WHERE "meta->requestId" IS NOT NULL`,
    parameters: undefined
  },
  sql: `CREATE INDEX "logs_meta_request_id_idx" ON "logs" (jsonb_extract_path_text("meta", 'requestId')) WHERE "meta->requestId" IS NOT NULL`,
  parameters: {},
  [Symbol(level)]: 'error',
  [Symbol(splat)]: [
    Error
        at Query.run (E:\Personal\important\smartpos\backend\node_modules\sequelize\lib\dialects\postgres\query.js:50:25)
        at E:\Personal\important\smartpos\backend\node_modules\sequelize\lib\sequelize.js:315:28
        at process.processTicksAndRejections (node:internal/process/task_queues:95:5)
        at async PostgresQueryInterface.addIndex (E:\Personal\important\smartpos\backend\node_modules\sequelize\lib\dialects\abstract\query-interface.js:250:12)
        at async Log.sync (E:\Personal\important\smartpos\backend\node_modules\sequelize\lib\model.js:999:7)
        at async Sequelize.sync (E:\Personal\important\smartpos\backend\node_modules\sequelize\lib\sequelize.js:377:9)
        at async syncDatabase (file:///E:/Personal/important/smartpos/backend/src/config/db.js:78:5)
        at async initializeApp (file:///E:/Personal/important/smartpos/backend/src/server.js:18:5)
        at async startServer (file:///E:/Personal/important/smartpos/backend/src/server.js:69:5) {
      name: 'SequelizeDatabaseError',
      parent: error: column "meta->requestId" does not exist
          at Parser.parseErrorMessage (E:\Personal\important\smartpos\backend\node_modules\pg-protocol\dist\parser.js:285:98)
          at Parser.handlePacket (E:\Personal\important\smartpos\backend\node_modules\pg-protocol\dist\parser.js:122:29)
          at Parser.parse (E:\Personal\important\smartpos\backend\node_modules\pg-protocol\dist\parser.js:35:38)
          at TLSSocket.<anonymous> (E:\Personal\important\smartpos\backend\node_modules\pg-protocol\dist\index.js:11:42)
          at TLSSocket.emit (node:events:518:28)
          at addChunk (node:internal/streams/readable:561:12)
          at readableAddChunkPushByteMode (node:internal/streams/readable:512:3)
          at Readable.push (node:internal/streams/readable:392:5)
          at TLSWrap.onStreamRead (node:internal/stream_base_commons:191:23) {
        length: 116,
        severity: 'ERROR',
        code: '42703',
        detail: undefined,
        hint: undefined,
        position: '104',
        internalPosition: undefined,
        internalQuery: undefined,
        where: undefined,
        schema: undefined,
        table: undefined,
        column: undefined,
        dataType: undefined,
        constraint: undefined,
        file: 'parse_relation.c',
        line: '3716',
        routine: 'errorMissingColumn',
        sql: `CREATE INDEX "logs_meta_request_id_idx" ON "logs" (jsonb_extract_path_text("meta", 'requestId')) WHERE "meta->requestId" IS NOT NULL`,
        parameters: undefined
      },
      original: error: column "meta->requestId" does not exist
          at Parser.parseErrorMessage (E:\Personal\important\smartpos\backend\node_modules\pg-protocol\dist\parser.js:285:98)
          at Parser.handlePacket (E:\Personal\important\smartpos\backend\node_modules\pg-protocol\dist\parser.js:122:29)
          at Parser.parse (E:\Personal\important\smartpos\backend\node_modules\pg-protocol\dist\parser.js:35:38)
          at TLSSocket.<anonymous> (E:\Personal\important\smartpos\backend\node_modules\pg-protocol\dist\index.js:11:42)
          at TLSSocket.emit (node:events:518:28)
          at addChunk (node:internal/streams/readable:561:12)
          at readableAddChunkPushByteMode (node:internal/streams/readable:512:3)
          at Readable.push (node:internal/streams/readable:392:5)
          at TLSWrap.onStreamRead (node:internal/stream_base_commons:191:23) {
        length: 116,
        severity: 'ERROR',
        code: '42703',
        detail: undefined,
        hint: undefined,
        position: '104',
        internalPosition: undefined,
        internalQuery: undefined,
        where: undefined,
        schema: undefined,
        table: undefined,
        column: undefined,
        dataType: undefined,
        constraint: undefined,
        file: 'parse_relation.c',
        line: '3716',
        routine: 'errorMissingColumn',
        sql: `CREATE INDEX "logs_meta_request_id_idx" ON "logs" (jsonb_extract_path_text("meta", 'requestId')) WHERE "meta->requestId" IS NOT NULL`,
        parameters: undefined
      },
      sql: `CREATE INDEX "logs_meta_request_id_idx" ON "logs" (jsonb_extract_path_text("meta", 'requestId')) WHERE "meta->requestId" IS NOT NULL`,
      parameters: {}
    }
  ],
  [Symbol(message)]: `{"env":"development","level":"error","message":"❌ Error synchronizing database: column \\"meta->requestId\\" does not exist","name":"SequelizeDatabaseError","original":{"code":"42703","file":"parse_relation.c","length":116,"line":"3716","name":"error","position":"104","routine":"errorMissingColumn","severity":"ERROR","sql":"CREATE INDEX \\"logs_meta_request_id_idx\\" ON \\"logs\\" (jsonb_extract_path_text(\\"meta\\", 'requestId')) WHERE \\"meta->requestId\\" IS NOT NULL"},"parameters":{},"parent":{"code":"42703","file":"parse_relation.c","length":116,"line":"3716","name":"error","position":"104","routine":"errorMissingColumn","severity":"ERROR","sql":"CREATE INDEX \\"logs_meta_request_id_idx\\" ON \\"logs\\" (jsonb_extract_path_text(\\"meta\\", 'requestId')) WHERE \\"meta->requestId\\" IS NOT NULL"},"service":"smartpos-backend","sql":"CREATE INDEX \\"logs_meta_request_id_idx\\" ON \\"logs\\" (jsonb_extract_path_text(\\"meta\\", 'requestId')) WHERE \\"meta->requestId\\" IS NOT NULL","stack":"Error\\n    at Query.run (E:\\\\Personal\\\\important\\\\smartpos\\\\backend\\\\node_modules\\\\sequelize\\\\lib\\\\dialects\\\\postgres\\\\query.js:50:25)\\n    at E:\\\\Personal\\\\important\\\\smartpos\\\\backend\\\\node_modules\\\\sequelize\\\\lib\\\\sequelize.js:315:28\\n    at process.processTicksAndRejections (node:internal/process/task_queues:95:5)\\n    at async PostgresQueryInterface.addIndex (E:\\\\Personal\\\\important\\\\smartpos\\\\backend\\\\node_modules\\\\sequelize\\\\lib\\\\dialects\\\\abstract\\\\query-interface.js:250:12)\\n    at async Log.sync (E:\\\\Personal\\\\important\\\\smartpos\\\\backend\\\\node_modules\\\\sequelize\\\\lib\\\\model.js:999:7)\\n    at async Sequelize.sync (E:\\\\Personal\\\\important\\\\smartpos\\\\backend\\\\node_modules\\\\sequelize\\\\lib\\\\sequelize.js:377:9)\\n    at async syncDatabase (file:///E:/Personal/important/smartpos/backend/src/config/db.js:78:5)\\n    at async initializeApp (file:///E:/Personal/important/smartpos/backend/src/server.js:18:5)\\n    at async startServer (file:///E:/Personal/important/smartpos/backend/src/server.js:69:5)","timestamp":"2025-07-29 15:33:22"}`
}
Error
    at Query.run (E:\Personal\important\smartpos\backend\node_modules\sequelize\lib\dialects\postgres\query.js:50:25)
    at E:\Personal\important\smartpos\backend\node_modules\sequelize\lib\sequelize.js:315:28
    at process.processTicksAndRejections (node:internal/process/task_queues:95:5)
    at async PostgresQueryInterface.addIndex (E:\Personal\important\smartpos\backend\node_modules\sequelize\lib\dialects\abstract\query-interface.js:250:12)
    at async Log.sync (E:\Personal\important\smartpos\backend\node_modules\sequelize\lib\model.js:999:7)
    at async Sequelize.sync (E:\Personal\important\smartpos\backend\node_modules\sequelize\lib\sequelize.js:377:9)
    at async syncDatabase (file:///E:/Personal/important/smartpos/backend/src/config/db.js:78:5)
    at async initializeApp (file:///E:/Personal/important/smartpos/backend/src/server.js:18:5)
    at async startServer (file:///E:/Personal/important/smartpos/backend/src/server.js:69:5)
